#
# There is insufficient memory for the Java Runtime Environment to continue.
# Native memory allocation (malloc) failed to allocate 32744 bytes for ChunkPool::allocate
# Possible reasons:
#   The system is out of physical RAM or swap space
#   In 32 bit mode, the process size limit was hit
# Possible solutions:
#   Reduce memory load on the system
#   Increase physical memory or swap space
#   Check if swap backing store is full
#   Use 64 bit Java on a 64 bit OS
#   Decrease Java heap size (-Xmx/-Xms)
#   Decrease number of Java threads
#   Decrease Java thread stack sizes (-Xss)
#   Set larger code cache with -XX:ReservedCodeCacheSize=
# This output file may be truncated or incomplete.
#
#  Out of Memory Error (allocation.cpp:273), pid=24452, tid=0x00000000000059dc
#
# JRE version: Java(TM) SE Runtime Environment (8.0_161-b12) (build 1.8.0_161-b12)
# Java VM: Java HotSpot(TM) 64-Bit Server VM (25.161-b12 mixed mode windows-amd64 compressed oops)
# Failed to write core dump. Minidumps are not enabled by default on client versions of Windows
#

---------------  T H R E A D  ---------------

Current thread (0x000000001fe11000):  JavaThread "C1 CompilerThread3" daemon [_thread_in_native, id=23004, stack(0x0000000020570000,0x0000000020670000)]

Stack: [0x0000000020570000,0x0000000020670000]
[error occurred during error reporting (printing stack bounds), id 0xc0000005]

Native frames: (J=compiled Java code, j=interpreted, Vv=VM code, C=native code)


Current CompileTask:
C1:  70787 5782   !   1       com.alibaba.fastjson.serializer.SerializeConfig::getObjectWriter (1459 bytes)


---------------  P R O C E S S  ---------------

Java Threads: ( => current thread )
  0x0000000023ec8000 JavaThread "Keep-Alive-Timer" daemon [_thread_blocked, id=29168, stack(0x0000000000d30000,0x0000000000e30000)]
  0x0000000023ed1000 JavaThread "logback-2" daemon [_thread_blocked, id=28508, stack(0x00000000259c0000,0x0000000025ac0000)]
  0x0000000023ece800 JavaThread "com.alibaba.nacos.client.naming.updater" daemon [_thread_blocked, id=8740, stack(0x00000000284c0000,0x00000000285c0000)]
  0x0000000023ec7000 JavaThread "com.alibaba.nacos.client.naming.updater" daemon [_thread_blocked, id=26804, stack(0x00000000258c0000,0x00000000259c0000)]
  0x0000000023ecd000 JavaThread "com.alibaba.nacos.naming.beat.sender" daemon [_thread_blocked, id=27412, stack(0x0000000026cc0000,0x0000000026dc0000)]
  0x0000000023ec5800 JavaThread "DestroyJavaVM" [_thread_blocked, id=24532, stack(0x0000000002da0000,0x0000000002ea0000)]
  0x0000000023ecc800 JavaThread "com.alibaba.nacos.naming.beat.sender" daemon [_thread_blocked, id=15080, stack(0x00000000282c0000,0x00000000283c0000)]
  0x0000000023ec5000 JavaThread "com.alibaba.nacos.naming.beat.sender" daemon [_thread_blocked, id=24916, stack(0x00000000281c0000,0x00000000282c0000)]
  0x0000000023ecb800 JavaThread "com.alibaba.nacos.client.naming.updater" daemon [_thread_blocked, id=9728, stack(0x0000000027ec0000,0x0000000027fc0000)]
  0x0000000023ecb000 JavaThread "com.alibaba.nacos.client.naming.updater" daemon [_thread_blocked, id=15912, stack(0x0000000027dc0000,0x0000000027ec0000)]
  0x0000000023ec6800 JavaThread "http-nio-8007-Acceptor" daemon [_thread_in_native, id=25652, stack(0x0000000027cc0000,0x0000000027dc0000)]
  0x0000000023eca000 JavaThread "http-nio-8007-ClientPoller" daemon [_thread_in_native, id=25668, stack(0x0000000027bc0000,0x0000000027cc0000)]
  0x0000000023ec8800 JavaThread "http-nio-8007-exec-10" daemon [_thread_blocked, id=24996, stack(0x0000000027ac0000,0x0000000027bc0000)]
  0x0000000023ec9800 JavaThread "http-nio-8007-exec-9" daemon [_thread_blocked, id=26620, stack(0x00000000279c0000,0x0000000027ac0000)]
  0x000000001fe7a800 JavaThread "http-nio-8007-exec-8" daemon [_thread_blocked, id=26616, stack(0x00000000278c0000,0x00000000279c0000)]
  0x000000001fe78000 JavaThread "http-nio-8007-exec-7" daemon [_thread_blocked, id=26612, stack(0x00000000277c0000,0x00000000278c0000)]
  0x000000001fe76800 JavaThread "http-nio-8007-exec-6" daemon [_thread_blocked, id=26608, stack(0x00000000276c0000,0x00000000277c0000)]
  0x0000000023a7d800 JavaThread "http-nio-8007-exec-5" daemon [_thread_blocked, id=26604, stack(0x00000000275c0000,0x00000000276c0000)]
  0x0000000023a7e800 JavaThread "http-nio-8007-exec-4" daemon [_thread_blocked, id=26580, stack(0x00000000274c0000,0x00000000275c0000)]
  0x0000000023a7d000 JavaThread "http-nio-8007-exec-3" daemon [_thread_blocked, id=26584, stack(0x00000000273c0000,0x00000000274c0000)]
  0x0000000023a7c000 JavaThread "http-nio-8007-exec-2" daemon [_thread_blocked, id=17568, stack(0x00000000272c0000,0x00000000273c0000)]
  0x0000000023a7b800 JavaThread "http-nio-8007-exec-1" daemon [_thread_blocked, id=26536, stack(0x00000000271c0000,0x00000000272c0000)]
  0x0000000023a7a800 JavaThread "http-nio-8007-BlockPoller" daemon [_thread_in_native, id=26348, stack(0x0000000000c30000,0x0000000000d30000)]
  0x0000000023a7f000 JavaThread "com.alibaba.nacos.client.naming.updater" daemon [_thread_blocked, id=23856, stack(0x00000000270c0000,0x00000000271c0000)]
  0x0000000023a73000 JavaThread "com.alibaba.nacos.client.naming.updater" daemon [_thread_blocked, id=23860, stack(0x0000000026fc0000,0x00000000270c0000)]
  0x0000000023a79000 JavaThread "ThreadPoolTaskScheduler-1" [_thread_blocked, id=15712, stack(0x00000000255c0000,0x00000000256c0000)]
  0x0000000023a78800 JavaThread "com.alibaba.nacos.naming.beat.sender" daemon [_thread_blocked, id=25904, stack(0x00000000269c0000,0x0000000026ac0000)]
  0x0000000023a70800 JavaThread "com.alibaba.nacos.naming.push.receiver" daemon [_thread_in_native, id=26524, stack(0x00000000268c0000,0x00000000269c0000)]
  0x0000000023a74800 JavaThread "com.alibaba.nacos.naming.failover" daemon [_thread_blocked, id=26520, stack(0x00000000267c0000,0x00000000268c0000)]
  0x0000000023a73800 JavaThread "com.alibaba.nacos.naming.beat.sender" daemon [_thread_blocked, id=26516, stack(0x00000000266c0000,0x00000000267c0000)]
  0x0000000023a75000 JavaThread "com.alibaba.nacos.naming.beat.sender" daemon [_thread_blocked, id=26512, stack(0x00000000265c0000,0x00000000266c0000)]
  0x0000000023a76000 JavaThread "com.alibaba.nacos.naming.client.listener" daemon [_thread_blocked, id=26508, stack(0x00000000264c0000,0x00000000265c0000)]
  0x0000000023a77800 JavaThread "Timer-0" daemon [_thread_blocked, id=26432, stack(0x00000000263c0000,0x00000000264c0000)]
  0x0000000023a76800 JavaThread "logback-1" daemon [_thread_blocked, id=26404, stack(0x00000000254c0000,0x00000000255c0000)]
  0x0000000023a70000 JavaThread "spring.cloud.inetutils" daemon [_thread_blocked, id=26344, stack(0x0000000024fc0000,0x00000000250c0000)]
  0x0000000023a71800 JavaThread "ForkJoinPool.commonPool-worker-1" daemon [_thread_blocked, id=23780, stack(0x0000000025ac0000,0x0000000025bc0000)]
  0x000000001fe75000 JavaThread "ForkJoinPool.commonPool-worker-6" daemon [_thread_blocked, id=17320, stack(0x00000000257c0000,0x00000000258c0000)]
  0x000000001fe74800 JavaThread "ForkJoinPool.commonPool-worker-2" daemon [_thread_blocked, id=23776, stack(0x00000000253c0000,0x00000000254c0000)]
  0x000000001fe73800 JavaThread "ForkJoinPool.commonPool-worker-9" daemon [_thread_blocked, id=24316, stack(0x00000000252c0000,0x00000000253c0000)]
  0x000000001fe77800 JavaThread "HikariPool-1 housekeeper" daemon [_thread_blocked, id=10632, stack(0x0000000024ec0000,0x0000000024fc0000)]
  0x000000001fe79800 JavaThread "RMI TCP Connection(idle)" daemon [_thread_blocked, id=25516, stack(0x0000000024bc0000,0x0000000024cc0000)]
  0x00000000237fa800 JavaThread "mysql-cj-abandoned-connection-cleanup" daemon [_thread_blocked, id=25292, stack(0x00000000247c0000,0x00000000248c0000)]
  0x0000000020a6c800 JavaThread "container-0" [_thread_blocked, id=25012, stack(0x00000000236f0000,0x00000000237f0000)]
  0x000000002189e800 JavaThread "Catalina-utility-2" [_thread_blocked, id=25008, stack(0x00000000235f0000,0x00000000236f0000)]
  0x000000002006e000 JavaThread "Catalina-utility-1" [_thread_blocked, id=25000, stack(0x00000000234f0000,0x00000000235f0000)]
  0x000000002106a800 JavaThread "RMI TCP Connection(idle)" daemon [_thread_blocked, id=23964, stack(0x0000000021bf0000,0x0000000021cf0000)]
  0x0000000020d44800 JavaThread "RMI Scheduler(0)" daemon [_thread_blocked, id=21744, stack(0x00000000222f0000,0x00000000223f0000)]
  0x0000000020d2f000 JavaThread "RMI TCP Connection(idle)" daemon [_thread_blocked, id=23424, stack(0x00000000221f0000,0x00000000222f0000)]
  0x00000000200e3000 JavaThread "RMI TCP Accept-0" daemon [_thread_in_native, id=23956, stack(0x0000000020770000,0x0000000020870000)]
  0x000000001fee6000 JavaThread "Service Thread" daemon [_thread_blocked, id=22400, stack(0x0000000020670000,0x0000000020770000)]
=>0x000000001fe11000 JavaThread "C1 CompilerThread3" daemon [_thread_in_native, id=23004, stack(0x0000000020570000,0x0000000020670000)]
  0x000000001fe10800 JavaThread "C2 CompilerThread2" daemon [_thread_blocked, id=11460, stack(0x0000000020470000,0x0000000020570000)]
  0x000000001fe0d800 JavaThread "C2 CompilerThread1" daemon [_thread_blocked, id=13272, stack(0x0000000020370000,0x0000000020470000)]
  0x000000001fe0d000 JavaThread "C2 CompilerThread0" daemon [_thread_blocked, id=23216, stack(0x0000000020270000,0x0000000020370000)]
  0x000000001fdc7000 JavaThread "Monitor Ctrl-Break" daemon [_thread_in_native, id=18404, stack(0x0000000020170000,0x0000000020270000)]
  0x000000001e3cb800 JavaThread "Attach Listener" daemon [_thread_blocked, id=23020, stack(0x000000001f870000,0x000000001f970000)]
  0x000000001e428800 JavaThread "Signal Dispatcher" daemon [_thread_blocked, id=21628, stack(0x000000001f770000,0x000000001f870000)]
  0x000000001e3a3000 JavaThread "Finalizer" daemon [_thread_blocked, id=22932, stack(0x000000001f600000,0x000000001f700000)]
  0x000000001ccd1000 JavaThread "Reference Handler" daemon [_thread_blocked, id=21944, stack(0x000000001f500000,0x000000001f600000)]

Other Threads:
  0x000000001e382800 VMThread [stack: 0x000000001f400000,0x000000001f500000] [id=23296]
  0x00000000200e8800 WatcherThread [stack: 0x0000000020870000,0x0000000020970000] [id=23968]

VM state:not at safepoint (normal execution)

VM Mutex/Monitor currently owned by a thread: None

Heap:
 PSYoungGen      total 242688K, used 227308K [0x000000076b700000, 0x000000077d400000, 0x00000007c0000000)
  eden space 230400K, 93% used [0x000000076b700000,0x00000007788fb990,0x0000000779800000)
  from space 12288K, 99% used [0x000000077c800000,0x000000077d3ff6d0,0x000000077d400000)
  to   space 14336K, 0% used [0x000000077b800000,0x000000077b800000,0x000000077c600000)
 ParOldGen       total 151040K, used 17763K [0x00000006c2400000, 0x00000006cb780000, 0x000000076b700000)
  object space 151040K, 11% used [0x00000006c2400000,0x00000006c3558f50,0x00000006cb780000)
 Metaspace       used 53033K, capacity 55900K, committed 56064K, reserved 1097728K
  class space    used 7103K, capacity 7614K, committed 7680K, reserved 1048576K

Card table byte_map: [0x00000000124d0000,0x0000000012cc0000] byte_map_base: 0x000000000eebe000

Marking Bits: (ParMarkBitMap*) 0x000000007773f860
 Begin Bits: [0x0000000013c10000, 0x0000000017b80000)
 End Bits:   [0x0000000017b80000, 0x000000001baf0000)

Polling page: 0x00000000010a0000

CodeCache: size=245760Kb used=11289Kb max_used=11289Kb free=234470Kb
 bounds [0x0000000003110000, 0x0000000003c20000, 0x0000000012110000]
 total_blobs=6256 nmethods=5680 adapters=488
 compilation: enabled

Compilation events (10 events):
Event: 70.770 Thread 0x000000001fe11000 nmethod 5777 0x0000000003976950 code [0x0000000003976aa0, 0x0000000003976bf0]
Event: 70.772 Thread 0x000000001fe11000 5778   !   1       java.net.URL::getURLStreamHandler (313 bytes)
Event: 70.774 Thread 0x000000001fe11000 nmethod 5778 0x000000000396dc90 code [0x000000000396dfc0, 0x000000000396f078]
Event: 70.774 Thread 0x000000001fe11000 5779   !   1       sun.net.www.protocol.http.HttpURLConnection::URLtoSocketPermission (143 bytes)
Event: 70.775 Thread 0x000000001fe11000 nmethod 5779 0x0000000003c18550 code [0x0000000003c187a0, 0x0000000003c18fd8]
Event: 70.775 Thread 0x000000001fe11000 5780       1       com.alibaba.fastjson.serializer.JSONSerializer::setContext (11 bytes)
Event: 70.775 Thread 0x000000001fe11000 nmethod 5780 0x00000000035a0950 code [0x00000000035a0aa0, 0x00000000035a0bc8]
Event: 70.775 Thread 0x000000001fe11000 5781       1       com.alibaba.fastjson.serializer.JSONSerializer::setContext (61 bytes)
Event: 70.775 Thread 0x000000001fe11000 nmethod 5781 0x000000000396d610 code [0x000000000396d780, 0x000000000396dae8]
Event: 70.778 Thread 0x000000001fe11000 5782   !   1       com.alibaba.fastjson.serializer.SerializeConfig::getObjectWriter (1459 bytes)

GC Heap History (10 events):
Event: 9.092 GC heap before
{Heap before GC invocations=8 (full 1):
 PSYoungGen      total 119296K, used 115109K [0x000000076b700000, 0x0000000773500000, 0x00000007c0000000)
  eden space 109568K, 100% used [0x000000076b700000,0x0000000772200000,0x0000000772200000)
  from space 9728K, 56% used [0x0000000772b80000,0x00000007730e95c8,0x0000000773500000)
  to   space 9728K, 0% used [0x0000000772200000,0x0000000772200000,0x0000000772b80000)
 ParOldGen       total 90112K, used 6514K [0x00000006c2400000, 0x00000006c7c00000, 0x000000076b700000)
  object space 90112K, 7% used [0x00000006c2400000,0x00000006c2a5ca60,0x00000006c7c00000)
 Metaspace       used 27199K, capacity 28362K, committed 28544K, reserved 1073152K
  class space    used 3705K, capacity 3945K, committed 3968K, reserved 1048576K
Event: 9.119 GC heap after
Heap after GC invocations=8 (full 1):
 PSYoungGen      total 119296K, used 9711K [0x000000076b700000, 0x0000000778580000, 0x00000007c0000000)
  eden space 109568K, 0% used [0x000000076b700000,0x000000076b700000,0x0000000772200000)
  from space 9728K, 99% used [0x0000000772200000,0x0000000772b7be60,0x0000000772b80000)
  to   space 11264K, 0% used [0x0000000777a80000,0x0000000777a80000,0x0000000778580000)
 ParOldGen       total 90112K, used 6879K [0x00000006c2400000, 0x00000006c7c00000, 0x000000076b700000)
  object space 90112K, 7% used [0x00000006c2400000,0x00000006c2ab7dd8,0x00000006c7c00000)
 Metaspace       used 27199K, capacity 28362K, committed 28544K, reserved 1073152K
  class space    used 3705K, capacity 3945K, committed 3968K, reserved 1048576K
}
Event: 10.546 GC heap before
{Heap before GC invocations=9 (full 1):
 PSYoungGen      total 119296K, used 119279K [0x000000076b700000, 0x0000000778580000, 0x00000007c0000000)
  eden space 109568K, 100% used [0x000000076b700000,0x0000000772200000,0x0000000772200000)
  from space 9728K, 99% used [0x0000000772200000,0x0000000772b7be60,0x0000000772b80000)
  to   space 11264K, 0% used [0x0000000777a80000,0x0000000777a80000,0x0000000778580000)
 ParOldGen       total 90112K, used 6879K [0x00000006c2400000, 0x00000006c7c00000, 0x000000076b700000)
  object space 90112K, 7% used [0x00000006c2400000,0x00000006c2ab7dd8,0x00000006c7c00000)
 Metaspace       used 31442K, capacity 33228K, committed 33280K, reserved 1077248K
  class space    used 4223K, capacity 4580K, committed 4608K, reserved 1048576K
Event: 10.562 GC heap after
Heap after GC invocations=9 (full 1):
 PSYoungGen      total 198656K, used 11246K [0x000000076b700000, 0x0000000778600000, 0x00000007c0000000)
  eden space 187392K, 0% used [0x000000076b700000,0x000000076b700000,0x0000000776e00000)
  from space 11264K, 99% used [0x0000000777a80000,0x000000077857b988,0x0000000778580000)
  to   space 12288K, 0% used [0x0000000776e00000,0x0000000776e00000,0x0000000777a00000)
 ParOldGen       total 90112K, used 6918K [0x00000006c2400000, 0x00000006c7c00000, 0x000000076b700000)
  object space 90112K, 7% used [0x00000006c2400000,0x00000006c2ac1810,0x00000006c7c00000)
 Metaspace       used 31442K, capacity 33228K, committed 33280K, reserved 1077248K
  class space    used 4223K, capacity 4580K, committed 4608K, reserved 1048576K
}
Event: 11.407 GC heap before
{Heap before GC invocations=10 (full 1):
 PSYoungGen      total 198656K, used 64330K [0x000000076b700000, 0x0000000778600000, 0x00000007c0000000)
  eden space 187392K, 28% used [0x000000076b700000,0x000000076ead7220,0x0000000776e00000)
  from space 11264K, 99% used [0x0000000777a80000,0x000000077857b988,0x0000000778580000)
  to   space 12288K, 0% used [0x0000000776e00000,0x0000000776e00000,0x0000000777a00000)
 ParOldGen       total 90112K, used 6918K [0x00000006c2400000, 0x00000006c7c00000, 0x000000076b700000)
  object space 90112K, 7% used [0x00000006c2400000,0x00000006c2ac1810,0x00000006c7c00000)
 Metaspace       used 33505K, capacity 35300K, committed 35456K, reserved 1079296K
  class space    used 4522K, capacity 4872K, committed 4992K, reserved 1048576K
Event: 11.418 GC heap after
Heap after GC invocations=10 (full 1):
 PSYoungGen      total 199680K, used 8722K [0x000000076b700000, 0x000000077d400000, 0x00000007c0000000)
  eden space 187392K, 0% used [0x000000076b700000,0x000000076b700000,0x0000000776e00000)
  from space 12288K, 70% used [0x0000000776e00000,0x0000000777684ad8,0x0000000777a00000)
  to   space 12288K, 0% used [0x000000077c800000,0x000000077c800000,0x000000077d400000)
 ParOldGen       total 90112K, used 9628K [0x00000006c2400000, 0x00000006c7c00000, 0x000000076b700000)
  object space 90112K, 10% used [0x00000006c2400000,0x00000006c2d670d0,0x00000006c7c00000)
 Metaspace       used 33505K, capacity 35300K, committed 35456K, reserved 1079296K
  class space    used 4522K, capacity 4872K, committed 4992K, reserved 1048576K
}
Event: 11.419 GC heap before
{Heap before GC invocations=11 (full 2):
 PSYoungGen      total 199680K, used 8722K [0x000000076b700000, 0x000000077d400000, 0x00000007c0000000)
  eden space 187392K, 0% used [0x000000076b700000,0x000000076b700000,0x0000000776e00000)
  from space 12288K, 70% used [0x0000000776e00000,0x0000000777684ad8,0x0000000777a00000)
  to   space 12288K, 0% used [0x000000077c800000,0x000000077c800000,0x000000077d400000)
 ParOldGen       total 90112K, used 9628K [0x00000006c2400000, 0x00000006c7c00000, 0x000000076b700000)
  object space 90112K, 10% used [0x00000006c2400000,0x00000006c2d670d0,0x00000006c7c00000)
 Metaspace       used 33505K, capacity 35300K, committed 35456K, reserved 1079296K
  class space    used 4522K, capacity 4872K, committed 4992K, reserved 1048576K
Event: 11.646 GC heap after
Heap after GC invocations=11 (full 2):
 PSYoungGen      total 199680K, used 0K [0x000000076b700000, 0x000000077d400000, 0x00000007c0000000)
  eden space 187392K, 0% used [0x000000076b700000,0x000000076b700000,0x0000000776e00000)
  from space 12288K, 0% used [0x0000000776e00000,0x0000000776e00000,0x0000000777a00000)
  to   space 12288K, 0% used [0x000000077c800000,0x000000077c800000,0x000000077d400000)
 ParOldGen       total 151040K, used 16349K [0x00000006c2400000, 0x00000006cb780000, 0x000000076b700000)
  object space 151040K, 10% used [0x00000006c2400000,0x00000006c33f77c0,0x00000006cb780000)
 Metaspace       used 33505K, capacity 35300K, committed 35456K, reserved 1079296K
  class space    used 4522K, capacity 4872K, committed 4992K, reserved 1048576K
}
Event: 16.187 GC heap before
{Heap before GC invocations=12 (full 2):
 PSYoungGen      total 199680K, used 187392K [0x000000076b700000, 0x000000077d400000, 0x00000007c0000000)
  eden space 187392K, 100% used [0x000000076b700000,0x0000000776e00000,0x0000000776e00000)
  from space 12288K, 0% used [0x0000000776e00000,0x0000000776e00000,0x0000000777a00000)
  to   space 12288K, 0% used [0x000000077c800000,0x000000077c800000,0x000000077d400000)
 ParOldGen       total 151040K, used 16349K [0x00000006c2400000, 0x00000006cb780000, 0x000000076b700000)
  object space 151040K, 10% used [0x00000006c2400000,0x00000006c33f77c0,0x00000006cb780000)
 Metaspace       used 43848K, capacity 46054K, committed 46208K, reserved 1089536K
  class space    used 5805K, capacity 6244K, committed 6272K, reserved 1048576K
Event: 16.223 GC heap after
Heap after GC invocations=12 (full 2):
 PSYoungGen      total 242688K, used 12285K [0x000000076b700000, 0x000000077d400000, 0x00000007c0000000)
  eden space 230400K, 0% used [0x000000076b700000,0x000000076b700000,0x0000000779800000)
  from space 12288K, 99% used [0x000000077c800000,0x000000077d3ff6d0,0x000000077d400000)
  to   space 14336K, 0% used [0x000000077b800000,0x000000077b800000,0x000000077c600000)
 ParOldGen       total 151040K, used 17763K [0x00000006c2400000, 0x00000006cb780000, 0x000000076b700000)
  object space 151040K, 11% used [0x00000006c2400000,0x00000006c3558f50,0x00000006cb780000)
 Metaspace       used 43848K, capacity 46054K, committed 46208K, reserved 1089536K
  class space    used 5805K, capacity 6244K, committed 6272K, reserved 1048576K
}

Deoptimization events (0 events):
No events

Classes redefined (0 events):
No events

Internal exceptions (10 events):
Event: 30.677 Thread 0x0000000002eab800 Exception <a 'java/lang/ArrayIndexOutOfBoundsException'> (0x0000000777355a28) thrown at [C:\re\workspace\8-2-build-windows-amd64-cygwin\jdk8u161\10277\hotspot\src\share\vm\runtime\sharedRuntime.cpp, line 605]
Event: 30.689 Thread 0x0000000002eab800 Exception <a 'java/lang/ArrayIndexOutOfBoundsException'> (0x00000007773882c0) thrown at [C:\re\workspace\8-2-build-windows-amd64-cygwin\jdk8u161\10277\hotspot\src\share\vm\runtime\sharedRuntime.cpp, line 605]
Event: 30.948 Thread 0x0000000023a77800 Exception <a 'java/io/FileNotFoundException'> (0x000000077778a158) thrown at [C:\re\workspace\8-2-build-windows-amd64-cygwin\jdk8u161\10277\hotspot\src\share\vm\prims\jni.cpp, line 709]
Event: 30.948 Thread 0x0000000023a77800 Exception <a 'java/io/FileNotFoundException'> (0x000000077778a730) thrown at [C:\re\workspace\8-2-build-windows-amd64-cygwin\jdk8u161\10277\hotspot\src\share\vm\prims\jni.cpp, line 709]
Event: 40.824 Thread 0x0000000023a77800 Exception <a 'java/io/FileNotFoundException'> (0x00000007777934f0) thrown at [C:\re\workspace\8-2-build-windows-amd64-cygwin\jdk8u161\10277\hotspot\src\share\vm\prims\jni.cpp, line 709]
Event: 40.824 Thread 0x0000000023a77800 Exception <a 'java/io/FileNotFoundException'> (0x0000000777793ac8) thrown at [C:\re\workspace\8-2-build-windows-amd64-cygwin\jdk8u161\10277\hotspot\src\share\vm\prims\jni.cpp, line 709]
Event: 50.828 Thread 0x0000000023a77800 Exception <a 'java/io/FileNotFoundException'> (0x000000077779c888) thrown at [C:\re\workspace\8-2-build-windows-amd64-cygwin\jdk8u161\10277\hotspot\src\share\vm\prims\jni.cpp, line 709]
Event: 50.828 Thread 0x0000000023a77800 Exception <a 'java/io/FileNotFoundException'> (0x000000077779ce60) thrown at [C:\re\workspace\8-2-build-windows-amd64-cygwin\jdk8u161\10277\hotspot\src\share\vm\prims\jni.cpp, line 709]
Event: 60.827 Thread 0x0000000023a77800 Exception <a 'java/io/FileNotFoundException'> (0x00000007777a5c20) thrown at [C:\re\workspace\8-2-build-windows-amd64-cygwin\jdk8u161\10277\hotspot\src\share\vm\prims\jni.cpp, line 709]
Event: 60.827 Thread 0x0000000023a77800 Exception <a 'java/io/FileNotFoundException'> (0x00000007777a61f8) thrown at [C:\re\workspace\8-2-build-windows-amd64-cygwin\jdk8u161\10277\hotspot\src\share\vm\prims\jni.cpp, line 709]

Events (10 events):
Event: 70.761 Executing VM operation: RevokeBias
Event: 70.761 Executing VM operation: RevokeBias done
Event: 70.761 Executing VM operation: RevokeBias
Event: 70.761 Executing VM operation: RevokeBias done
Event: 70.761 Executing VM operation: RevokeBias
Event: 70.761 Executing VM operation: RevokeBias done
Event: 70.761 Executing VM operation: RevokeBias
Event: 70.761 Executing VM operation: RevokeBias done
Event: 70.764 Thread 0x000000001fe11000 flushing nmethod 0x000000000396d090
Event: 70.764 Thread 0x000000001fe11000 flushing nmethod 0x0000000003975b10


Dynamic libraries:
0x00007ff6e0940000 - 0x00007ff6e0977000 	C:\Program Files\Java\jdk1.8.0_161\bin\java.exe
0x00007ff9d39c0000 - 0x00007ff9d3bc9000 	C:\WINDOWS\SYSTEM32\ntdll.dll
0x00007ff9d2ba0000 - 0x00007ff9d2c5d000 	C:\WINDOWS\System32\KERNEL32.DLL
0x00007ff9d1430000 - 0x00007ff9d17ac000 	C:\WINDOWS\System32\KERNELBASE.dll
0x00007ff9d2750000 - 0x00007ff9d27fe000 	C:\WINDOWS\System32\ADVAPI32.dll
0x00007ff9d2800000 - 0x00007ff9d28a3000 	C:\WINDOWS\System32\msvcrt.dll
0x00007ff9d3710000 - 0x00007ff9d37ae000 	C:\WINDOWS\System32\sechost.dll
0x00007ff9d3800000 - 0x00007ff9d3920000 	C:\WINDOWS\System32\RPCRT4.dll
0x00007ff9d1d30000 - 0x00007ff9d1edd000 	C:\WINDOWS\System32\USER32.dll
0x00007ff9d0f60000 - 0x00007ff9d0f86000 	C:\WINDOWS\System32\win32u.dll
0x00007ff9d20f0000 - 0x00007ff9d2119000 	C:\WINDOWS\System32\GDI32.dll
0x00007ff9d12a0000 - 0x00007ff9d13b9000 	C:\WINDOWS\System32\gdi32full.dll
0x00007ff9d17b0000 - 0x00007ff9d184d000 	C:\WINDOWS\System32\msvcp_win.dll
0x00007ff9d0f90000 - 0x00007ff9d10a1000 	C:\WINDOWS\System32\ucrtbase.dll
0x00007ff9d00c0000 - 0x00007ff9d0365000 	C:\WINDOWS\WinSxS\amd64_microsoft.windows.common-controls_6595b64144ccf1df_6.0.22000.120_none_9d947278b86cc467\COMCTL32.dll
0x00007ff9d37c0000 - 0x00007ff9d37f1000 	C:\WINDOWS\System32\IMM32.DLL
0x00000000504e0000 - 0x00000000505b2000 	C:\Program Files\Java\jdk1.8.0_161\jre\bin\msvcr100.dll
0x0000000076f20000 - 0x00000000777bf000 	C:\Program Files\Java\jdk1.8.0_161\jre\bin\server\jvm.dll
0x00007ff9d18b0000 - 0x00007ff9d18b8000 	C:\WINDOWS\System32\PSAPI.DLL
0x00007ff9bcbf0000 - 0x00007ff9bcbf9000 	C:\WINDOWS\SYSTEM32\WSOCK32.dll
0x00007ff9d2a80000 - 0x00007ff9d2aef000 	C:\WINDOWS\System32\WS2_32.dll
0x00007ff9cacc0000 - 0x00007ff9cacf3000 	C:\WINDOWS\SYSTEM32\WINMM.dll
0x00007ff9c3650000 - 0x00007ff9c365a000 	C:\WINDOWS\SYSTEM32\VERSION.dll
0x0000000051a50000 - 0x0000000051a5f000 	C:\Program Files\Java\jdk1.8.0_161\jre\bin\verify.dll
0x0000000051a20000 - 0x0000000051a49000 	C:\Program Files\Java\jdk1.8.0_161\jre\bin\java.dll
0x0000000050440000 - 0x0000000050463000 	C:\Program Files\Java\jdk1.8.0_161\jre\bin\instrument.dll
0x0000000051a00000 - 0x0000000051a16000 	C:\Program Files\Java\jdk1.8.0_161\jre\bin\zip.dll
0x00007ff9d2f50000 - 0x00007ff9d3708000 	C:\WINDOWS\System32\SHELL32.dll
0x00007ff9ce940000 - 0x00007ff9cf1a8000 	C:\WINDOWS\SYSTEM32\windows.storage.dll
0x00007ff9d23b0000 - 0x00007ff9d2729000 	C:\WINDOWS\System32\combase.dll
0x00007ff9ce7d0000 - 0x00007ff9ce936000 	C:\WINDOWS\SYSTEM32\wintypes.dll
0x00007ff9d1ee0000 - 0x00007ff9d1fca000 	C:\WINDOWS\System32\SHCORE.dll
0x00007ff9d1850000 - 0x00007ff9d18ad000 	C:\WINDOWS\System32\shlwapi.dll
0x00007ff9d0dd0000 - 0x00007ff9d0df1000 	C:\WINDOWS\SYSTEM32\profapi.dll
0x00007ff9cdbe0000 - 0x00007ff9cdbfa000 	C:\Program Files\JetBrains\IntelliJ IDEA 2021.3\bin\breakgen64.dll
0x00000000504c0000 - 0x00000000504da000 	C:\Program Files\Java\jdk1.8.0_161\jre\bin\net.dll
0x00007ff9cfd80000 - 0x00007ff9cfde7000 	C:\WINDOWS\system32\mswsock.dll
0x00007ff9cf4a0000 - 0x00007ff9cf588000 	C:\WINDOWS\SYSTEM32\DNSAPI.dll
0x00007ff9cf470000 - 0x00007ff9cf49d000 	C:\WINDOWS\SYSTEM32\IPHLPAPI.DLL
0x00007ff9d2a70000 - 0x00007ff9d2a79000 	C:\WINDOWS\System32\NSI.dll
0x00007ff9c62d0000 - 0x00007ff9c62da000 	C:\Windows\System32\rasadhlp.dll
0x00007ff9c8490000 - 0x00007ff9c8511000 	C:\WINDOWS\System32\fwpuclnt.dll
0x00000000519f0000 - 0x00000000519fd000 	C:\Program Files\Java\jdk1.8.0_161\jre\bin\management.dll
0x00000000504a0000 - 0x00000000504b1000 	C:\Program Files\Java\jdk1.8.0_161\jre\bin\nio.dll
0x00007ff9d0b50000 - 0x00007ff9d0b68000 	C:\WINDOWS\SYSTEM32\CRYPTSP.dll
0x00007ff9cf8a0000 - 0x00007ff9cf8d5000 	C:\WINDOWS\system32\rsaenh.dll
0x00007ff9cfed0000 - 0x00007ff9cfef9000 	C:\WINDOWS\SYSTEM32\USERENV.dll
0x00007ff9d0780000 - 0x00007ff9d07a7000 	C:\WINDOWS\SYSTEM32\bcrypt.dll
0x00007ff9d1220000 - 0x00007ff9d129f000 	C:\WINDOWS\System32\bcryptprimitives.dll
0x00007ff9cfe70000 - 0x00007ff9cfe7c000 	C:\WINDOWS\SYSTEM32\CRYPTBASE.dll
0x00007ff9cabe0000 - 0x00007ff9cabf9000 	C:\WINDOWS\SYSTEM32\dhcpcsvc6.DLL
0x00007ff9cb000000 - 0x00007ff9cb01e000 	C:\WINDOWS\SYSTEM32\dhcpcsvc.DLL
0x00007ff9bce60000 - 0x00007ff9bce77000 	C:\WINDOWS\system32\napinsp.dll
0x00007ff9bcc20000 - 0x00007ff9bcc3b000 	C:\WINDOWS\system32\pnrpnsp.dll
0x00007ff9bc750000 - 0x00007ff9bc762000 	C:\WINDOWS\System32\winrnr.dll
0x00007ff9bc720000 - 0x00007ff9bc735000 	C:\WINDOWS\system32\wshbth.dll
0x00007ff9bbec0000 - 0x00007ff9bbedf000 	C:\WINDOWS\system32\nlansp_c.dll
0x0000000050470000 - 0x0000000050494000 	C:\Program Files\Java\jdk1.8.0_161\jre\bin\sunec.dll
0x0000000050430000 - 0x000000005043b000 	C:\Program Files\Java\jdk1.8.0_161\jre\bin\sunmscapi.dll
0x00007ff9d10b0000 - 0x00007ff9d1212000 	C:\WINDOWS\System32\CRYPT32.dll

VM Arguments:
jvm_args: -XX:TieredStopAtLevel=1 -Xverify:none -Dspring.output.ansi.enabled=always -javaagent:C:\Program Files\JetBrains\IntelliJ IDEA 2021.3\lib\idea_rt.jar=64499:C:\Program Files\JetBrains\IntelliJ IDEA 2021.3\bin -Dcom.sun.management.jmxremote -Dspring.jmx.enabled=true -Dspring.liveBeansView.mbeanDomain -Dspring.application.admin.enabled=true -Dfile.encoding=UTF-8 
java_command: com.atguigu.eduorder.OrdersApplication
java_class_path (initial): C:\Program Files\Java\jdk1.8.0_161\jre\lib\charsets.jar;C:\Program Files\Java\jdk1.8.0_161\jre\lib\deploy.jar;C:\Program Files\Java\jdk1.8.0_161\jre\lib\ext\access-bridge-64.jar;C:\Program Files\Java\jdk1.8.0_161\jre\lib\ext\cldrdata.jar;C:\Program Files\Java\jdk1.8.0_161\jre\lib\ext\dnsns.jar;C:\Program Files\Java\jdk1.8.0_161\jre\lib\ext\jaccess.jar;C:\Program Files\Java\jdk1.8.0_161\jre\lib\ext\jfxrt.jar;C:\Program Files\Java\jdk1.8.0_161\jre\lib\ext\localedata.jar;C:\Program Files\Java\jdk1.8.0_161\jre\lib\ext\nashorn.jar;C:\Program Files\Java\jdk1.8.0_161\jre\lib\ext\sunec.jar;C:\Program Files\Java\jdk1.8.0_161\jre\lib\ext\sunjce_provider.jar;C:\Program Files\Java\jdk1.8.0_161\jre\lib\ext\sunmscapi.jar;C:\Program Files\Java\jdk1.8.0_161\jre\lib\ext\sunpkcs11.jar;C:\Program Files\Java\jdk1.8.0_161\jre\lib\ext\zipfs.jar;C:\Program Files\Java\jdk1.8.0_161\jre\lib\javaws.jar;C:\Program Files\Java\jdk1.8.0_161\jre\lib\jce.jar;C:\Program Files\Java\jdk1.8.0_161\jre\lib\jfr.jar;C:\Program Files\Java\jdk1.8.0_161\jre\lib\jfxswt.jar;C:\Program Files\Java\jdk1.8.0_161\jre\lib\jsse.jar;C:\Program Files\Java\jdk1.8.0_161\jre\lib\management-agent.jar;C:\Program Files\Java\jdk1.8.0_161\jre\lib\plugin.jar;C:\Program Files\Java\jdk1.8.0_161\jre\lib\resources.jar;C:\Program Files\Java\jdk1.8.0_161\jre\lib\rt.jar;E:\javas…–πËπ»\guli_parent\service\service_order\target\classes;D:\ideaMaven\myRepository\com\github\wxpay\wxpay-sdk\0.0.3\wxpay-sdk-0.0.3.jar;D:\ideaMaven\myRepository\com\alibaba\fastjson\1.2.28\fastjson-1.2.28.jar;E:\javas…–πËπ»\guli_parent\common\service_base\target\classes;E:\javas…–πËπ»\guli_parent\common\common_utils\target\classes;D:\ideaMaven\myRepository\io\jsonwebtoken\jjwt\0.7.0\jjwt-0.7.0.jar;D:\ideaMaven\myRepository\org\springframework\boot\spring-boot-starter-data-redis\2.2.1.RELEASE\spring-boot-starter-data-redis-2.2.1.RELEASE.jar;D:\ideaMaven\myRepository\org\springframework\data\spring-data-redis\2.2.1.RELEASE\spring-data-
Launcher Type: SUN_STANDARD

Environment Variables:
JAVA_HOME=C:\Program Files\Java\jdk1.8.0_161
PATH=E:\vmware\bin\;C:\ProgramData\Oracle\Java\javapath;C:\WINDOWS\system32;C:\WINDOWS;C:\WINDOWS\System32\Wbem;C:\WINDOWS\System32\WindowsPowerShell\v1.0\;C:\WINDOWS\System32\OpenSSH\;D:\Tencent\Œ¢–≈webø™∑¢’ﬂπ§æﬂ\dll;C:\Pro;ram Files\Microsoft SQL Server\130\Tools\Binn\;D:\nodejs\;"D:\nodejs;D:\Develop\nodejs\node_global";D:\ideaMaven\apache-maven-3.5.4\bin;E:\Go\bin;C:\Users\ASUS\AppData\Local\Programs\Python\Python310\Scripts\;C:\Users\ASUS\AppData\Local\Programs\Python\Python310\;F:\jdkcentos\ANACONDA;F:\jdkcentos\ANACONDA\Library\mingw-w64\bin;F:\jdkcentos\ANACONDA\Library\usr\bin;F:\jdkcentos\ANACONDA\Library\bin;F:\jdkcentos\ANACONDA\Scripts;C:\Users\ASUS\AppData\Local\Microsoft\WindowsApps;C:\Program Files\JetBrains\PyCharm Community Edition 2021.3.1\bin;;C:\Program Files\Bandizip\;;D:\Microsoft VS Code\bin;C:\Users\ASUS\AppData\Roaming\npm;C:\Intel\IntelliJ IDEA 2021.3\bin;;C:\Intel\IntelliJ IDEA Community Edition 2021.2.3\bin;;C:\Program Files\JetBrains\PyCharm 2021.3\bin;;C:\Users\ASUS\go\bin
USERNAME=ASUS
OS=Windows_NT
PROCESSOR_IDENTIFIER=Intel64 Family 6 Model 158 Stepping 10, GenuineIntel



---------------  S Y S T E M  ---------------

OS: Windows 10.0 , 64 bit Build 22000 (10.0.22000.708)

CPU:total 12 (initial active 12) (6 cores per cpu, 2 threads per core) family 6 model 158 stepping 10, cmov, cx8, fxsr, mmx, sse, sse2, sse3, ssse3, sse4.1, sse4.2, popcnt, avx, avx2, aes, clmul, erms, 3dnowpref, lzcnt, ht, tsc, tscinvbit, bmi1, bmi2, adx

Memory: 4k page, physical 16624304k(73456k free), swap 32128040k(1116k free)

vm_info: Java HotSpot(TM) 64-Bit Server VM (25.161-b12) for windows-amd64 JRE (1.8.0_161-b12), built on Dec 19 2017 17:52:25 by "java_re" with MS VC++ 10.0 (VS2010)

time: Fri Feb 03 14:15:58 2023
elapsed time: 70 seconds (0d 0h 1m 10s)

